<?xml version="1.0" encoding="UTF-8"?>
<!-- Generated by org.testng.reporters.JUnitXMLReporter -->
<testsuite hostname="MTLP-439" ignored="0" name="WebTest" tests="10" failures="0" timestamp="2022-04-29T16:49:56 IST" time="450.59" errors="0">
  <testcase name="login" time="43.181" classname="testScripts.web.ARC_Login"/>
  <testcase name="receivableRole" time="9.734" classname="testScripts.web.ARC_AddChargeBatch"/>
  <testcase name="createChangeBatch" time="15.961" classname="testScripts.web.ARC_AddChargeBatch"/>
  <testcase name="addCharge" time="39.426" classname="testScripts.web.ARC_AddChargeBatch"/>
  <testcase name="addbackup" time="55.438" classname="testScripts.web.ARC_AddChargeBatch"/>
  <testcase name="setupLegalEntity" time="47.321" classname="testScripts.web.ARC_AddChargeBatch"/>
  <testcase name="propertyAndSearchtoTenants" time="17.85" classname="testScripts.web.ARC_AddChargeBatch"/>
  <testcase name="reviewBatchHeader" time="46.819" classname="testScripts.web.ARC_AddChargeBatch"/>
  <testcase name="posthargeIntoPreviousMonth" time="93.007" classname="testScripts.web.ARC_AddChargeBatch"/>
  <testcase name="editChangeBatch" time="35.273" classname="testScripts.web.ARC_EditChargeBatch"/>
</testsuite> <!-- WebTest -->
