<?xml version="1.0" encoding="UTF-8"?>
<testng-results skipped="0" failed="0" ignored="0" total="10" passed="10">
  <reporter-output>
  </reporter-output>
  <suite name="WebSuite" duration-ms="450590" started-at="2022-04-29T16:42:26 IST" finished-at="2022-04-29T16:49:56 IST">
    <groups>
    </groups>
    <test name="WebTest" duration-ms="450590" started-at="2022-04-29T16:42:26 IST" finished-at="2022-04-29T16:49:56 IST">
      <class name="testScripts.web.ARC_EditChargeBatch">
        <test-method status="PASS" signature="editChangeBatch()[pri:9, instance:testScripts.web.ARC_EditChargeBatch@294bdeb4]" name="editChangeBatch" duration-ms="35273" started-at="2022-04-29T16:49:18 IST" description="Edit the charge batch" finished-at="2022-04-29T16:49:53 IST">
          <reporter-output>
          </reporter-output>
        </test-method> <!-- editChangeBatch -->
        <test-method status="PASS" signature="closeBrowser()[pri:0, instance:testScripts.web.ARC_EditChargeBatch@294bdeb4]" name="closeBrowser" is-config="true" duration-ms="1544" started-at="2022-04-29T16:49:55 IST" finished-at="2022-04-29T16:49:56 IST">
          <reporter-output>
          </reporter-output>
        </test-method> <!-- closeBrowser -->
      </class> <!-- testScripts.web.ARC_EditChargeBatch -->
      <class name="testScripts.web.ARC_Login">
        <test-method status="PASS" signature="setup()[pri:0, instance:testScripts.web.ARC_Login@3b8ee898]" name="setup" is-config="true" duration-ms="41453" started-at="2022-04-29T16:42:26 IST" finished-at="2022-04-29T16:43:07 IST">
          <reporter-output>
          </reporter-output>
        </test-method> <!-- setup -->
        <test-method status="PASS" signature="login()[pri:1, instance:testScripts.web.ARC_Login@3b8ee898]" name="login" duration-ms="43181" started-at="2022-04-29T16:43:07 IST" description="Login Application" finished-at="2022-04-29T16:43:50 IST">
          <reporter-output>
          </reporter-output>
        </test-method> <!-- login -->
      </class> <!-- testScripts.web.ARC_Login -->
      <class name="testScripts.web.ARC_AddChargeBatch">
        <test-method status="PASS" signature="receivableRole()[pri:1, instance:testScripts.web.ARC_AddChargeBatch@7d151a]" name="receivableRole" duration-ms="9734" started-at="2022-04-29T16:43:51 IST" description="Select Receivable Role" finished-at="2022-04-29T16:44:00 IST">
          <reporter-output>
          </reporter-output>
        </test-method> <!-- receivableRole -->
        <test-method status="PASS" signature="createChangeBatch()[pri:2, instance:testScripts.web.ARC_AddChargeBatch@7d151a]" name="createChangeBatch" duration-ms="15961" started-at="2022-04-29T16:44:01 IST" description="Create charge batch" finished-at="2022-04-29T16:44:17 IST">
          <reporter-output>
          </reporter-output>
        </test-method> <!-- createChangeBatch -->
        <test-method status="PASS" signature="addCharge()[pri:3, instance:testScripts.web.ARC_AddChargeBatch@7d151a]" name="addCharge" duration-ms="39426" started-at="2022-04-29T16:44:17 IST" description="Add a charge" finished-at="2022-04-29T16:44:56 IST">
          <reporter-output>
          </reporter-output>
        </test-method> <!-- addCharge -->
        <test-method status="PASS" signature="addbackup()[pri:4, instance:testScripts.web.ARC_AddChargeBatch@7d151a]" name="addbackup" duration-ms="55438" started-at="2022-04-29T16:44:56 IST" description="Add a backup" finished-at="2022-04-29T16:45:52 IST">
          <reporter-output>
          </reporter-output>
        </test-method> <!-- addbackup -->
        <test-method status="PASS" signature="setupLegalEntity()[pri:5, instance:testScripts.web.ARC_AddChargeBatch@7d151a]" name="setupLegalEntity" duration-ms="47321" started-at="2022-04-29T16:45:52 IST" description="Setup Legal Entity" finished-at="2022-04-29T16:46:39 IST">
          <reporter-output>
          </reporter-output>
        </test-method> <!-- setupLegalEntity -->
        <test-method status="PASS" signature="propertyAndSearchtoTenants()[pri:6, instance:testScripts.web.ARC_AddChargeBatch@7d151a]" name="propertyAndSearchtoTenants" duration-ms="17850" started-at="2022-04-29T16:46:39 IST" description="Property and search to Tenants" finished-at="2022-04-29T16:46:57 IST">
          <reporter-output>
          </reporter-output>
        </test-method> <!-- propertyAndSearchtoTenants -->
        <test-method status="PASS" signature="reviewBatchHeader()[pri:7, instance:testScripts.web.ARC_AddChargeBatch@7d151a]" name="reviewBatchHeader" duration-ms="46819" started-at="2022-04-29T16:46:57 IST" description="Review the Batch Header" finished-at="2022-04-29T16:47:44 IST">
          <reporter-output>
          </reporter-output>
        </test-method> <!-- reviewBatchHeader -->
        <test-method status="PASS" signature="posthargeIntoPreviousMonth()[pri:8, instance:testScripts.web.ARC_AddChargeBatch@7d151a]" name="posthargeIntoPreviousMonth" duration-ms="93007" started-at="2022-04-29T16:47:44 IST" description="Post a Charge into the previous month" finished-at="2022-04-29T16:49:17 IST">
          <reporter-output>
          </reporter-output>
        </test-method> <!-- posthargeIntoPreviousMonth -->
      </class> <!-- testScripts.web.ARC_AddChargeBatch -->
    </test> <!-- WebTest -->
  </suite> <!-- WebSuite -->
</testng-results>
