<?xml version="1.0" encoding="UTF-8"?>
<testsuite xmlns:xsi="http://www.w3.org/2001/XMLSchema-instance" xsi:noNamespaceSchemaLocation="https://maven.apache.org/surefire/maven-surefire-plugin/xsd/surefire-test-report.xsd" name="TestSuite" time="454.52" tests="10" errors="0" skipped="0" failures="0">
  <properties>
[...]
</properties>
  <testcase name="login" classname="testScripts.web.ARC_Login" time="43.443"/>
  <testcase name="receivableRole" classname="testScripts.web.ARC_AddChargeBatch" time="9.867"/>
  <testcase name="createChangeBatch" classname="testScripts.web.ARC_AddChargeBatch" time="16.045"/>
  <testcase name="addCharge" classname="testScripts.web.ARC_AddChargeBatch" time="39.557"/>
  <testcase name="addbackup" classname="testScripts.web.ARC_AddChargeBatch" time="55.627"/>
  <testcase name="setupLegalEntity" classname="testScripts.web.ARC_AddChargeBatch" time="47.525"/>
  <testcase name="propertyAndSearchtoTenants" classname="testScripts.web.ARC_AddChargeBatch" time="18.031"/>
  <testcase name="reviewBatchHeader" classname="testScripts.web.ARC_AddChargeBatch" time="47.062"/>
  <testcase name="posthargeIntoPreviousMonth" classname="testScripts.web.ARC_AddChargeBatch" time="93.28"/>
  <testcase name="editChangeBatch" classname="testScripts.web.ARC_EditChargeBatch" time="37.011"/>
</testsuite>